<?xml version="1.0" encoding="UTF-8"?>
<testng-results skipped="0" failed="0" ignored="0" total="1" passed="1">
  <reporter-output>
    <line>
      <![CDATA[Successfully Launched Chrome Browser]]>
    </line>
    <line>
      <![CDATA[Browser window is maximized successfully]]>
    </line>
    <line>
      <![CDATA[Home Page is displayed successfully]]>
    </line>
    <line>
      <![CDATA[Profile Page is displayed successfully]]>
    </line>
  </reporter-output>
  <suite name="Default suite" duration-ms="13114" started-at="2022-03-02T12:55:16 IST" finished-at="2022-03-02T12:55:29 IST">
    <groups>
    </groups>
    <test name="Default test" duration-ms="13114" started-at="2022-03-02T12:55:16 IST" finished-at="2022-03-02T12:55:29 IST">
      <class name="profiles.RT_ProfilesTC_043Test">
        <test-method status="PASS" signature="openTheBrowser(java.lang.String)[pri:0, instance:profiles.RT_ProfilesTC_043Test@1563da5]" name="openTheBrowser" is-config="true" duration-ms="4123" started-at="2022-03-02T12:55:16 IST" finished-at="2022-03-02T12:55:20 IST">
          <params>
            <param index="0">
              <value>
                <![CDATA[chrome]]>
              </value>
            </param>
          </params>
          <reporter-output>
            <line>
              <![CDATA[Successfully Launched Chrome Browser]]>
            </line>
            <line>
              <![CDATA[Browser window is maximized successfully]]>
            </line>
          </reporter-output>
        </test-method> <!-- openTheBrowser -->
        <test-method status="PASS" signature="navigateToApplication()[pri:0, instance:profiles.RT_ProfilesTC_043Test@1563da5]" name="navigateToApplication" is-config="true" duration-ms="4008" started-at="2022-03-02T12:55:20 IST" finished-at="2022-03-02T12:55:24 IST">
          <reporter-output>
          </reporter-output>
        </test-method> <!-- navigateToApplication -->
        <test-method status="PASS" signature="Profiles()[pri:0, instance:profiles.RT_ProfilesTC_043Test@1563da5]" name="Profiles" duration-ms="4020" started-at="2022-03-02T12:55:24 IST" finished-at="2022-03-02T12:55:28 IST">
          <reporter-output>
            <line>
              <![CDATA[Home Page is displayed successfully]]>
            </line>
            <line>
              <![CDATA[Profile Page is displayed successfully]]>
            </line>
          </reporter-output>
        </test-method> <!-- Profiles -->
        <test-method status="PASS" signature="closeTheBrowser()[pri:0, instance:profiles.RT_ProfilesTC_043Test@1563da5]" name="closeTheBrowser" is-config="true" duration-ms="877" started-at="2022-03-02T12:55:28 IST" finished-at="2022-03-02T12:55:29 IST">
          <reporter-output>
          </reporter-output>
        </test-method> <!-- closeTheBrowser -->
      </class> <!-- profiles.RT_ProfilesTC_043Test -->
    </test> <!-- Default test -->
  </suite> <!-- Default suite -->
</testng-results>
